<!DOCTYPE html PUBLIC "-//W3C//DTD XHTML 1.1//EN" "http://www.w3.org/TR/xhtml11/DTD/xhtml11.dtd">
<html xmlns="http://www.w3.org/1999/xhtml">
<head>
<meta http-equiv="content-type" content="text/html; charset=UTF-8"/>
<title>TestNG Report</title>
<style type="text/css">table {margin-bottom:10px;border-collapse:collapse;empty-cells:show}th,td {border:1px solid #009;padding:.25em .5em}th {vertical-align:bottom}td {vertical-align:top}table a {font-weight:bold}.stripe td {background-color: #E6EBF9}.num {text-align:right}.passedodd td {background-color: #3F3}.passedeven td {background-color: #0A0}.skippedodd td {background-color: #DDD}.skippedeven td {background-color: #CCC}.failedodd td,.attn {background-color: #F33}.failedeven td,.stripe .attn {background-color: #D00}.stacktrace {white-space:pre;font-family:monospace}.totop {font-size:85%;text-align:center;border-bottom:2px solid #000}.invisible {display:none}</style>
</head>
<body>
<table>
<tr><th>Test</th><th># Passed</th><th># Skipped</th><th># Failed</th><th>Time (ms)</th><th>Included Groups</th><th>Excluded Groups</th></tr>
<tr><th colspan="7">Suite</th></tr>
<tr><td><a href="#t0">TestCase2</a></td><td class="num">1</td><td class="num">0</td><td class="num">0</td><td class="num">106,821</td><td></td><td></td></tr>
<tr class="stripe"><td><a href="#t1">TestCase3</a></td><td class="num">4</td><td class="num">0</td><td class="num">0</td><td class="num">434,470</td><td></td><td></td></tr>
<tr><td><a href="#t2">TestCase4</a></td><td class="num">3</td><td class="num">0</td><td class="num">0</td><td class="num">351,871</td><td></td><td></td></tr>
<tr class="stripe"><td><a href="#t3">TestCase5</a></td><td class="num">3</td><td class="num">0</td><td class="num">0</td><td class="num">462,936</td><td></td><td></td></tr>
<tr><td><a href="#t4">TestCase6</a></td><td class="num">1</td><td class="num">0</td><td class="num attn">2</td><td class="num">321,859</td><td></td><td></td></tr>
<tr class="stripe"><td><a href="#t5">TestCase7</a></td><td class="num">0</td><td class="num">0</td><td class="num attn">1</td><td class="num">195,322</td><td></td><td></td></tr>
<tr><td><a href="#t6">TestCase8</a></td><td class="num">2</td><td class="num">0</td><td class="num">0</td><td class="num">140,002</td><td></td><td></td></tr>
<tr class="stripe"><td><a href="#t7">TestCase11</a></td><td class="num">1</td><td class="num">0</td><td class="num attn">1</td><td class="num">131,891</td><td></td><td></td></tr>
<tr><td><a href="#t8">TestCase12</a></td><td class="num">1</td><td class="num">0</td><td class="num">0</td><td class="num">93,109</td><td></td><td></td></tr>
<tr class="stripe"><td><a href="#t9">TestCase13</a></td><td class="num">1</td><td class="num">0</td><td class="num">0</td><td class="num">138,816</td><td></td><td></td></tr>
<tr><td><a href="#t10">TestCase15</a></td><td class="num">1</td><td class="num">0</td><td class="num">0</td><td class="num">212,768</td><td></td><td></td></tr>
<tr class="stripe"><td><a href="#t11">TestCase16</a></td><td class="num">3</td><td class="num">0</td><td class="num">0</td><td class="num">376,258</td><td></td><td></td></tr>
<tr><td><a href="#t12">TestCase17</a></td><td class="num">1</td><td class="num">0</td><td class="num">0</td><td class="num">97,867</td><td></td><td></td></tr>
<tr class="stripe"><td><a href="#t13">TestCase20</a></td><td class="num">1</td><td class="num">0</td><td class="num">0</td><td class="num">100,539</td><td></td><td></td></tr>
<tr><td><a href="#t14">TestCase21</a></td><td class="num">1</td><td class="num attn">1</td><td class="num attn">2</td><td class="num">287,283</td><td></td><td></td></tr>
<tr class="stripe"><td><a href="#t15">TestCase23</a></td><td class="num">3</td><td class="num">0</td><td class="num">0</td><td class="num">249,927</td><td></td><td></td></tr>
<tr><td><a href="#t16">TestCase25</a></td><td class="num">1</td><td class="num">0</td><td class="num">0</td><td class="num">102,290</td><td></td><td></td></tr>
<tr><th>Total</th><th class="num">28</th><th class="num attn">1</th><th class="num attn">6</th><th class="num">3,804,029</th><th colspan="2"></th></tr>
</table>
<table id='summary'><thead><tr><th>Class</th><th>Method</th><th>Start</th><th>Time (ms)</th></tr></thead><tbody><tr><th colspan="4">Suite</th></tr></tbody><tbody id="t0"><tr><th colspan="4">TestCase2 &#8212; passed</th></tr><tr class="passedeven"><td rowspan="1">com.pfl.automation.org62.testcases.TS02_Administration_verify_program</td><td><a href="#m0">TC01_Verify_base_program_Visible_Under_Send_Marketing_Material_program_associated_user</a></td><td rowspan="1">1557300765434</td><td rowspan="1">95468</td></tr></tbody>
<tbody id="t1"><tr><th colspan="4">TestCase3 &#8212; passed</th></tr><tr class="passedeven"><td rowspan="4">com.pfl.automation.org62.testcases.TS03_Verify_order_on_contact_and_account</td><td><a href="#m1">TS03_01_verifying_contact_address_send_swag</a></td><td rowspan="1">1557301053216</td><td rowspan="1">96410</td></tr><tr class="passedeven"><td><a href="#m2">TS03_02_verifying_account_address_end_swag</a></td><td rowspan="1">1557301150021</td><td rowspan="1">84034</td></tr><tr class="passedeven"><td><a href="#m3">TS03_DataReset</a></td><td rowspan="1">1557301234448</td><td rowspan="1">60976</td></tr><tr class="passedeven"><td><a href="#m4">TS03_DataSet_Creation</a></td><td rowspan="1">1557300870710</td><td rowspan="1">182039</td></tr></tbody>
<tbody id="t2"><tr><th colspan="4">TestCase4 &#8212; passed</th></tr><tr class="passedeven"><td rowspan="3">com.pfl.automation.org62.testcases.TS04_Administration_Campaign_Associated</td><td><a href="#m5">TS04_1_verifying_send_swag_with_campaign_association</a></td><td rowspan="1">1557301494010</td><td rowspan="1">92968</td></tr><tr class="passedeven"><td><a href="#m6">TS04_DataSet_Creation</a></td><td rowspan="1">1557301304990</td><td rowspan="1">188700</td></tr><tr class="passedeven"><td><a href="#m7">TS04_DataSet_Reset</a></td><td rowspan="1">1557301587332</td><td rowspan="1">59928</td></tr></tbody>
<tbody id="t3"><tr><th colspan="4">TestCase5 &#8212; passed</th></tr><tr class="passedeven"><td rowspan="3">com.pfl.automation.org62.testcases.TS05_Administration_Multiple_product</td><td><a href="#m8">TS05_01_verifying_send_swag_with_campaign_association</a></td><td rowspan="1">1557301910389</td><td rowspan="1">138107</td></tr><tr class="passedeven"><td><a href="#m9">TS05_DataSet_Creation</a></td><td rowspan="1">1557301658613</td><td rowspan="1">251383</td></tr><tr class="passedeven"><td><a href="#m10">TS05_DataSet_Reset</a></td><td rowspan="1">1557302048899</td><td rowspan="1">61297</td></tr></tbody>
<tbody id="t4"><tr><th colspan="4">TestCase6 &#8212; failed (configuration methods)</th></tr><tr class="failedeven"><td rowspan="2">com.pfl.automation.org62.testcases.TS06_Administration_role_based_program</td><td><a href="#m11">Logout</a></td><td rowspan="1">1557302433234</td><td rowspan="1">6</td></tr><tr class="failedeven"><td><a href="#m12">tearDown</a></td><td rowspan="1">1557302433240</td><td rowspan="1">16</td></tr><tr><th colspan="4">TestCase6 &#8212; failed</th></tr><tr class="failedeven"><td rowspan="2">com.pfl.automation.org62.testcases.TS06_Administration_role_based_program</td><td><a href="#m13">TS06_01_verifying_send_swag_with_campaign_association</a></td><td rowspan="1">1557302286125</td><td rowspan="1">120325</td></tr><tr class="failedeven"><td><a href="#m14">TS06_DataSet_Reset</a></td><td rowspan="1">1557302428204</td><td rowspan="1">5030</td></tr><tr><th colspan="4">TestCase6 &#8212; passed</th></tr><tr class="passedeven"><td rowspan="1">com.pfl.automation.org62.testcases.TS06_Administration_role_based_program</td><td><a href="#m15">TS06_DataSet_Creation</a></td><td rowspan="1">1557302120049</td><td rowspan="1">165695</td></tr></tbody>
<tbody id="t5"><tr><th colspan="4">TestCase7 &#8212; failed (configuration methods)</th></tr><tr class="failedeven"><td rowspan="1">com.pfl.automation.org62.testcases.TS07_Administration_program_error_validation</td><td><a href="#m16">Logout</a></td><td rowspan="1">1557302628625</td><td rowspan="1">0</td></tr><tr><th colspan="4">TestCase7 &#8212; failed</th></tr><tr class="failedeven"><td rowspan="1">com.pfl.automation.org62.testcases.TS07_Administration_program_error_validation</td><td><a href="#m17">program_error_validation</a></td><td rowspan="1">1557302441190</td><td rowspan="1">165323</td></tr></tbody>
<tbody id="t6"><tr><th colspan="4">TestCase8 &#8212; passed</th></tr><tr class="passedeven"><td rowspan="2">com.pfl.automation.org62.testcases.TS_08_verify_changes_when_swagig_license_assign</td><td><a href="#m18">TS_08_01_Verify_the_header_SwagIQ_Licenses_Administration_of_License_tab</a></td><td rowspan="1">1557302635857</td><td rowspan="1">84167</td></tr><tr class="passedeven"><td><a href="#m19">TS_08_DataReset</a></td><td rowspan="1">1557302720407</td><td rowspan="1">44960</td></tr></tbody>
<tbody id="t7"><tr><th colspan="4">TestCase11 &#8212; failed (configuration methods)</th></tr><tr class="failedeven"><td rowspan="1">com.pfl.automation.org62.testcases.TS11_advance_search_functionality</td><td><a href="#m20">tearDown</a></td><td rowspan="1">1557302900426</td><td rowspan="1">110</td></tr><tr><th colspan="4">TestCase11 &#8212; failed</th></tr><tr class="failedeven"><td rowspan="1">com.pfl.automation.org62.testcases.TS11_advance_search_functionality</td><td><a href="#m21">TS11_02_Verify_simple_search_and_advance_search_on_license_page</a></td><td rowspan="1">1557302836156</td><td rowspan="1">42504</td></tr><tr><th colspan="4">TestCase11 &#8212; passed</th></tr><tr class="passedeven"><td rowspan="1">com.pfl.automation.org62.testcases.TS11_advance_search_functionality</td><td><a href="#m22">TS11_01_Verify_license_page</a></td><td rowspan="1">1557302777169</td><td rowspan="1">58669</td></tr></tbody>
<tbody id="t8"><tr><th colspan="4">TestCase12 &#8212; passed</th></tr><tr class="passedeven"><td rowspan="1">com.pfl.automation.org62.testcases.TS12_Verfying_license_tab_enable_checkbox</td><td><a href="#m23">TS12_01_Verify_clicking_select_all_enabled_checkbox_on_Licenses_page_functionality</a></td><td rowspan="1">1557302908281</td><td rowspan="1">84313</td></tr></tbody>
<tbody id="t9"><tr><th colspan="4">TestCase13 &#8212; passed</th></tr><tr class="passedeven"><td rowspan="1">com.pfl.automation.org62.testcases.TS_13_verifying_product_configuration</td><td><a href="#m24">TS_13_01_Verify_Product_Configuration_Display_Name_or_Quantity_Under_Product_Administration</a></td><td rowspan="1">1557303002629</td><td rowspan="1">128843</td></tr></tbody>
<tbody id="t10"><tr><th colspan="4">TestCase15 &#8212; passed</th></tr><tr class="passedeven"><td rowspan="1">com.pfl.automation.org62.testcases.TS_15_contact_blankaddress_send_swag_error</td><td><a href="#m25">TS_15_01_Verify_that_validation_message_displayed_to_user_if_no_program_is_associated_to_user_on_send_swag_screen</a></td><td rowspan="1">1557303140959</td><td rowspan="1">201001</td></tr></tbody>
<tbody id="t11"><tr><th colspan="4">TestCase16 &#8212; passed</th></tr><tr class="passedeven"><td rowspan="3">com.pfl.automation.org62.testcases.TS16_Contact_length_validation_on_custom_address</td><td><a href="#m26">TS_16_01_Contact_length_validation_on_custom_address</a></td><td rowspan="1">1557303535656</td><td rowspan="1">125479</td></tr><tr class="passedeven"><td><a href="#m27">TS_16_DataSet_Creation</a></td><td rowspan="1">1557303353284</td><td rowspan="1">181956</td></tr><tr class="passedeven"><td><a href="#m28">TS_16_DataSet_Reset</a></td><td rowspan="1">1557303661520</td><td rowspan="1">58953</td></tr></tbody>
<tbody id="t12"><tr><th colspan="4">TestCase17 &#8212; passed</th></tr><tr class="passedeven"><td rowspan="1">com.pfl.automation.org62.testcases.TS17_Verify_Do_Not_Swag</td><td><a href="#m29">TC17_01_Verify_User_not_able_Send_Swag_Do_Not_Swag_field_enabled_for_Contact</a></td><td rowspan="1">1557303729906</td><td rowspan="1">88459</td></tr></tbody>
<tbody id="t13"><tr><th colspan="4">TestCase20 &#8212; passed</th></tr><tr class="passedeven"><td rowspan="1">com.pfl.automation.org62.testcases.TS_20_send_swag_validation_message</td><td><a href="#m30">TS_20_01_Verify_validation_message_displayed_user_if_no_program_associated_to_user_on_send_swag_screen</a></td><td rowspan="1">1557303829418</td><td rowspan="1">89314</td></tr></tbody>
<tbody id="t14"><tr><th colspan="4">TestCase21 &#8212; failed (configuration methods)</th></tr><tr class="failedeven"><td rowspan="2">com.pfl.automation.org62.testcases.TS21_Enable_Disable_State_Of_Program_On_Send_Swag</td><td><a href="#m31">Logout</a></td><td rowspan="1">1557304207222</td><td rowspan="1">12</td></tr><tr class="failedeven"><td><a href="#m32">tearDown</a></td><td rowspan="1">1557304207234</td><td rowspan="1">16</td></tr><tr><th colspan="4">TestCase21 &#8212; failed</th></tr><tr class="failedeven"><td rowspan="2">com.pfl.automation.org62.testcases.TS21_Enable_Disable_State_Of_Program_On_Send_Swag</td><td><a href="#m33">TS21_01_Verifying_the_activation_of_program_by_sending_swag</a></td><td rowspan="1">1557304113487</td><td rowspan="1">66912</td></tr><tr class="failedeven"><td><a href="#m34">TS21_02_Verifying_the_deactivation_of_program_by_sending_swag</a></td><td rowspan="1">1557304202191</td><td rowspan="1">5031</td></tr><tr><th colspan="4">TestCase21 &#8212; skipped (configuration methods)</th></tr><tr class="skippedeven"><td rowspan="2">com.pfl.automation.org62.testcases.TS21_Enable_Disable_State_Of_Program_On_Send_Swag</td><td><a href="#m35">LogIn</a></td><td rowspan="1">1557304207234</td><td rowspan="1">0</td></tr><tr class="skippedeven"><td><a href="#m36">Logout</a></td><td rowspan="1">1557304207234</td><td rowspan="1">0</td></tr><tr><th colspan="4">TestCase21 &#8212; skipped</th></tr><tr class="skippedeven"><td rowspan="1">com.pfl.automation.org62.testcases.TS21_Enable_Disable_State_Of_Program_On_Send_Swag</td><td><a href="#m37">TS21_DataSet_Reset</a></td><td rowspan="1">1557304207234</td><td rowspan="1">0</td></tr><tr><th colspan="4">TestCase21 &#8212; passed</th></tr><tr class="passedeven"><td rowspan="1">com.pfl.automation.org62.testcases.TS21_Enable_Disable_State_Of_Program_On_Send_Swag</td><td><a href="#m38">TS21_DataSet_Creation</a></td><td rowspan="1">1557303928654</td><td rowspan="1">184467</td></tr></tbody>
<tbody id="t15"><tr><th colspan="4">TestCase23 &#8212; passed</th></tr><tr class="passedeven"><td rowspan="3">com.pfl.automation.org62.testcases.TS23_Administration_Verify_Remove_User_From_Store</td><td><a href="#m39">TS23_01_Verifying_the_remove_user_into_the_Store</a></td><td rowspan="1">1557304323425</td><td rowspan="1">50237</td></tr><tr class="passedeven"><td><a href="#m40">TS23_DataSet_Creation</a></td><td rowspan="1">1557304214858</td><td rowspan="1">108172</td></tr><tr class="passedeven"><td><a href="#m41">TS23_DataSet_Reset</a></td><td rowspan="1">1557304374123</td><td rowspan="1">81902</td></tr></tbody>
<tbody id="t16"><tr><th colspan="4">TestCase25 &#8212; passed</th></tr><tr class="passedeven"><td rowspan="1">com.pfl.automation.org62.testcases.TS25_Administration_User_Advance_Search</td><td><a href="#m42">TS25_01_Verifying_the_advanced_search_functionality</a></td><td rowspan="1">1557304466456</td><td rowspan="1">89618</td></tr></tbody>
</table>
<h2>TestCase2</h2><h3 id="m0">com.pfl.automation.org62.testcases.TS02_Administration_verify_program#TC01_Verify_base_program_Visible_Under_Send_Marketing_Material_program_associated_user</h3><table class="result"><tr><th class="invisible"/></tr></table><p class="totop"><a href="#summary">back to summary</a></p>
<h2>TestCase3</h2><h3 id="m1">com.pfl.automation.org62.testcases.TS03_Verify_order_on_contact_and_account#TS03_01_verifying_contact_address_send_swag</h3><table class="result"><tr><th class="invisible"/></tr></table><p class="totop"><a href="#summary">back to summary</a></p>
<h3 id="m2">com.pfl.automation.org62.testcases.TS03_Verify_order_on_contact_and_account#TS03_02_verifying_account_address_end_swag</h3><table class="result"><tr><th class="invisible"/></tr></table><p class="totop"><a href="#summary">back to summary</a></p>
<h3 id="m3">com.pfl.automation.org62.testcases.TS03_Verify_order_on_contact_and_account#TS03_DataReset</h3><table class="result"><tr><th class="invisible"/></tr></table><p class="totop"><a href="#summary">back to summary</a></p>
<h3 id="m4">com.pfl.automation.org62.testcases.TS03_Verify_order_on_contact_and_account#TS03_DataSet_Creation</h3><table class="result"><tr><th class="invisible"/></tr></table><p class="totop"><a href="#summary">back to summary</a></p>
<h2>TestCase4</h2><h3 id="m5">com.pfl.automation.org62.testcases.TS04_Administration_Campaign_Associated#TS04_1_verifying_send_swag_with_campaign_association</h3><table class="result"><tr><th class="invisible"/></tr></table><p class="totop"><a href="#summary">back to summary</a></p>
<h3 id="m6">com.pfl.automation.org62.testcases.TS04_Administration_Campaign_Associated#TS04_DataSet_Creation</h3><table class="result"><tr><th class="invisible"/></tr></table><p class="totop"><a href="#summary">back to summary</a></p>
<h3 id="m7">com.pfl.automation.org62.testcases.TS04_Administration_Campaign_Associated#TS04_DataSet_Reset</h3><table class="result"><tr><th class="invisible"/></tr></table><p class="totop"><a href="#summary">back to summary</a></p>
<h2>TestCase5</h2><h3 id="m8">com.pfl.automation.org62.testcases.TS05_Administration_Multiple_product#TS05_01_verifying_send_swag_with_campaign_association</h3><table class="result"><tr><th class="invisible"/></tr></table><p class="totop"><a href="#summary">back to summary</a></p>
<h3 id="m9">com.pfl.automation.org62.testcases.TS05_Administration_Multiple_product#TS05_DataSet_Creation</h3><table class="result"><tr><th class="invisible"/></tr></table><p class="totop"><a href="#summary">back to summary</a></p>
<h3 id="m10">com.pfl.automation.org62.testcases.TS05_Administration_Multiple_product#TS05_DataSet_Reset</h3><table class="result"><tr><th class="invisible"/></tr></table><p class="totop"><a href="#summary">back to summary</a></p>
<h2>TestCase6</h2><h3 id="m11">com.pfl.automation.org62.testcases.TS06_Administration_role_based_program#Logout</h3><table class="result"><tr class="param"><th>Parameter #1</th></tr><tr class="param stripe"><td>[TestResult name=TS06_DataSet_Reset status=FAILURE method=TS06_Administration_role_based_program.TS06_DataSet_Reset()[pri:2, instance:com.pfl.automation.org62.testcases.TS06_Administration_role_based_program@2d8f65a4] output={null}]</td></tr><tr><th>Exception</th></tr><tr><td><div class="stacktrace">org.openqa.selenium.NoSuchSessionException: invalid session id
  (Driver info: chromedriver=73.0.3683.68 (47787ec04b6e38e22703e856e101e840b65afe72),platform=Windows NT 10.0.17134 x86_64) (WARNING: The server did not provide any stacktrace information)
Command duration or timeout: 0 milliseconds
Build info: version: &apos;3.141.59&apos;, revision: &apos;e82be7d358&apos;, time: &apos;2018-11-14T08:17:03&apos;
System info: host: &apos;PFL-TEST&apos;, ip: &apos;172.16.25.25&apos;, os.name: &apos;Windows 10&apos;, os.arch: &apos;amd64&apos;, os.version: &apos;10.0&apos;, java.version: &apos;1.8.0_191&apos;
Driver info: org.openqa.selenium.chrome.ChromeDriver
Capabilities {acceptInsecureCerts: false, acceptSslCerts: false, applicationCacheEnabled: false, browserConnectionEnabled: false, browserName: chrome, chrome: {chromedriverVersion: 73.0.3683.68 (47787ec04b6e3..., userDataDir: C:\Users\Test\AppData\Local...}, cssSelectorsEnabled: true, databaseEnabled: false, goog:chromeOptions: {debuggerAddress: localhost:50672}, handlesAlerts: true, hasTouchScreen: false, javascriptEnabled: true, locationContextEnabled: true, mobileEmulationEnabled: false, nativeEvents: true, networkConnectionEnabled: false, pageLoadStrategy: normal, platform: XP, platformName: XP, proxy: Proxy(), rotatable: false, setWindowRect: true, strictFileInteractability: false, takesHeapSnapshot: true, takesScreenshot: true, timeouts: {implicit: 0, pageLoad: 300000, script: 30000}, unexpectedAlertBehaviour: ignore, unhandledPromptBehavior: ignore, version: 73.0.3683.103, webStorageEnabled: true}
Session ID: 2bc65799e5431c5dd38addb34c04c097
	at org.openqa.selenium.remote.ErrorHandler.createThrowable(ErrorHandler.java:214)
	at org.openqa.selenium.remote.ErrorHandler.throwIfResponseFailed(ErrorHandler.java:166)
	at org.openqa.selenium.remote.http.JsonHttpResponseCodec.reconstructValue(JsonHttpResponseCodec.java:40)
	at org.openqa.selenium.remote.http.AbstractHttpResponseCodec.decode(AbstractHttpResponseCodec.java:80)
	at org.openqa.selenium.remote.http.AbstractHttpResponseCodec.decode(AbstractHttpResponseCodec.java:44)
	at org.openqa.selenium.remote.HttpCommandExecutor.execute(HttpCommandExecutor.java:158)
	at org.openqa.selenium.remote.service.DriverCommandExecutor.execute(DriverCommandExecutor.java:83)
	at org.openqa.selenium.remote.RemoteWebDriver.execute(RemoteWebDriver.java:552)
	at org.openqa.selenium.remote.RemoteWebDriver$RemoteTargetLocator.defaultContent(RemoteWebDriver.java:922)
	at com.pfl.automation.org62.pages.HomePage.logout(HomePage.java:26)
	at com.pfl.automation.base.BaseTest.Logout(BaseTest.java:147)
... Removed 32 stack frames</div></td></tr></table><p class="totop"><a href="#summary">back to summary</a></p>
<h3 id="m12">com.pfl.automation.org62.testcases.TS06_Administration_role_based_program#tearDown</h3><table class="result"><tr><th>Exception</th></tr><tr><td><div class="stacktrace">org.openqa.selenium.NoSuchSessionException: invalid session id
  (Driver info: chromedriver=73.0.3683.68 (47787ec04b6e38e22703e856e101e840b65afe72),platform=Windows NT 10.0.17134 x86_64) (WARNING: The server did not provide any stacktrace information)
Command duration or timeout: 0 milliseconds
Build info: version: &apos;3.141.59&apos;, revision: &apos;e82be7d358&apos;, time: &apos;2018-11-14T08:17:03&apos;
System info: host: &apos;PFL-TEST&apos;, ip: &apos;172.16.25.25&apos;, os.name: &apos;Windows 10&apos;, os.arch: &apos;amd64&apos;, os.version: &apos;10.0&apos;, java.version: &apos;1.8.0_191&apos;
Driver info: org.openqa.selenium.chrome.ChromeDriver
Capabilities {acceptInsecureCerts: false, acceptSslCerts: false, applicationCacheEnabled: false, browserConnectionEnabled: false, browserName: chrome, chrome: {chromedriverVersion: 73.0.3683.68 (47787ec04b6e3..., userDataDir: C:\Users\Test\AppData\Local...}, cssSelectorsEnabled: true, databaseEnabled: false, goog:chromeOptions: {debuggerAddress: localhost:50672}, handlesAlerts: true, hasTouchScreen: false, javascriptEnabled: true, locationContextEnabled: true, mobileEmulationEnabled: false, nativeEvents: true, networkConnectionEnabled: false, pageLoadStrategy: normal, platform: XP, platformName: XP, proxy: Proxy(), rotatable: false, setWindowRect: true, strictFileInteractability: false, takesHeapSnapshot: true, takesScreenshot: true, timeouts: {implicit: 0, pageLoad: 300000, script: 30000}, unexpectedAlertBehaviour: ignore, unhandledPromptBehavior: ignore, version: 73.0.3683.103, webStorageEnabled: true}
Session ID: 2bc65799e5431c5dd38addb34c04c097
	at org.openqa.selenium.remote.ErrorHandler.createThrowable(ErrorHandler.java:214)
	at org.openqa.selenium.remote.ErrorHandler.throwIfResponseFailed(ErrorHandler.java:166)
	at org.openqa.selenium.remote.http.JsonHttpResponseCodec.reconstructValue(JsonHttpResponseCodec.java:40)
	at org.openqa.selenium.remote.http.AbstractHttpResponseCodec.decode(AbstractHttpResponseCodec.java:80)
	at org.openqa.selenium.remote.http.AbstractHttpResponseCodec.decode(AbstractHttpResponseCodec.java:44)
	at org.openqa.selenium.remote.HttpCommandExecutor.execute(HttpCommandExecutor.java:158)
	at org.openqa.selenium.remote.service.DriverCommandExecutor.execute(DriverCommandExecutor.java:83)
	at org.openqa.selenium.remote.RemoteWebDriver.execute(RemoteWebDriver.java:552)
	at org.openqa.selenium.remote.RemoteWebDriver.execute(RemoteWebDriver.java:609)
	at org.openqa.selenium.remote.RemoteWebDriver.close(RemoteWebDriver.java:442)
	at com.pfl.automation.base.BaseTest.closebrowser(BaseTest.java:556)
	at com.pfl.automation.base.BaseTest.tearDown(BaseTest.java:154)
... Removed 28 stack frames</div></td></tr></table><p class="totop"><a href="#summary">back to summary</a></p>
<h3 id="m13">com.pfl.automation.org62.testcases.TS06_Administration_role_based_program#TS06_01_verifying_send_swag_with_campaign_association</h3><table class="result"><tr><th>Exception</th></tr><tr><td><div class="stacktrace">org.openqa.selenium.TimeoutException: Expected condition failed: waiting for presence of element located by: By.xpath: //div[contains(text(),&apos;You will receive a follow-up task once it has been delivered&apos;)] (tried for 50 second(s) with 500 milliseconds interval)
	at org.openqa.selenium.support.ui.WebDriverWait.timeoutException(WebDriverWait.java:95)
	at org.openqa.selenium.support.ui.FluentWait.until(FluentWait.java:272)
	at com.pfl.automation.base.BasePage.findElement(BasePage.java:311)
	at com.pfl.automation.base.BasePage.isElementVisible(BasePage.java:297)
	at com.pfl.automation.org62.pages.SwagIQPage.order_confirmation_msg(SwagIQPage.java:82)
	at com.pfl.automation.org62.testcases.TS06_Administration_role_based_program.TS06_01_verifying_send_swag_with_campaign_association(TS06_Administration_role_based_program.java:50)
Caused by: org.openqa.selenium.NoSuchElementException: no such element: Unable to locate element: {&quot;method&quot;:&quot;xpath&quot;,&quot;selector&quot;:&quot;//div[contains(text(),&apos;You will receive a follow-up task once it has been delivered&apos;)]&quot;}
  (Session info: chrome=73.0.3683.103)
  (Driver info: chromedriver=73.0.3683.68 (47787ec04b6e38e22703e856e101e840b65afe72),platform=Windows NT 10.0.17134 x86_64) (WARNING: The server did not provide any stacktrace information)
Command duration or timeout: 0 milliseconds
For documentation on this error, please visit: https://www.seleniumhq.org/exceptions/no_such_element.html
Build info: version: &apos;3.141.59&apos;, revision: &apos;e82be7d358&apos;, time: &apos;2018-11-14T08:17:03&apos;
System info: host: &apos;PFL-TEST&apos;, ip: &apos;172.16.25.25&apos;, os.name: &apos;Windows 10&apos;, os.arch: &apos;amd64&apos;, os.version: &apos;10.0&apos;, java.version: &apos;1.8.0_191&apos;
Driver info: org.openqa.selenium.chrome.ChromeDriver
Capabilities {acceptInsecureCerts: false, acceptSslCerts: false, applicationCacheEnabled: false, browserConnectionEnabled: false, browserName: chrome, chrome: {chromedriverVersion: 73.0.3683.68 (47787ec04b6e3..., userDataDir: C:\Users\Test\AppData\Local...}, cssSelectorsEnabled: true, databaseEnabled: false, goog:chromeOptions: {debuggerAddress: localhost:50672}, handlesAlerts: true, hasTouchScreen: false, javascriptEnabled: true, locationContextEnabled: true, mobileEmulationEnabled: false, nativeEvents: true, networkConnectionEnabled: false, pageLoadStrategy: normal, platform: XP, platformName: XP, proxy: Proxy(), rotatable: false, setWindowRect: true, strictFileInteractability: false, takesHeapSnapshot: true, takesScreenshot: true, timeouts: {implicit: 0, pageLoad: 300000, script: 30000}, unexpectedAlertBehaviour: ignore, unhandledPromptBehavior: ignore, version: 73.0.3683.103, webStorageEnabled: true}
Session ID: 2bc65799e5431c5dd38addb34c04c097
*** Element info: {Using=xpath, value=//div[contains(text(),&apos;You will receive a follow-up task once it has been delivered&apos;)]}
	at org.openqa.selenium.remote.ErrorHandler.createThrowable(ErrorHandler.java:214)
	at org.openqa.selenium.remote.ErrorHandler.throwIfResponseFailed(ErrorHandler.java:166)
	at org.openqa.selenium.remote.http.JsonHttpResponseCodec.reconstructValue(JsonHttpResponseCodec.java:40)
	at org.openqa.selenium.remote.http.AbstractHttpResponseCodec.decode(AbstractHttpResponseCodec.java:80)
	at org.openqa.selenium.remote.http.AbstractHttpResponseCodec.decode(AbstractHttpResponseCodec.java:44)
	at org.openqa.selenium.remote.HttpCommandExecutor.execute(HttpCommandExecutor.java:158)
	at org.openqa.selenium.remote.service.DriverCommandExecutor.execute(DriverCommandExecutor.java:83)
	at org.openqa.selenium.remote.RemoteWebDriver.execute(RemoteWebDriver.java:552)
	at org.openqa.selenium.remote.RemoteWebDriver.findElement(RemoteWebDriver.java:323)
	at org.openqa.selenium.remote.RemoteWebDriver.findElementByXPath(RemoteWebDriver.java:428)
	at org.openqa.selenium.By$ByXPath.findElement(By.java:353)
	at org.openqa.selenium.remote.RemoteWebDriver.findElement(RemoteWebDriver.java:315)
	at org.openqa.selenium.support.ui.ExpectedConditions$6.apply(ExpectedConditions.java:182)
	at org.openqa.selenium.support.ui.ExpectedConditions$6.apply(ExpectedConditions.java:179)
	at org.openqa.selenium.support.ui.FluentWait.until(FluentWait.java:249)
	... 29 more
... Removed 29 stack frames</div></td></tr></table><p class="totop"><a href="#summary">back to summary</a></p>
<h3 id="m14">com.pfl.automation.org62.testcases.TS06_Administration_role_based_program#TS06_DataSet_Reset</h3><table class="result"><tr><th>Exception</th></tr><tr><td><div class="stacktrace">org.openqa.selenium.NoSuchSessionException: invalid session id
  (Driver info: chromedriver=73.0.3683.68 (47787ec04b6e38e22703e856e101e840b65afe72),platform=Windows NT 10.0.17134 x86_64) (WARNING: The server did not provide any stacktrace information)
Command duration or timeout: 0 milliseconds
Build info: version: &apos;3.141.59&apos;, revision: &apos;e82be7d358&apos;, time: &apos;2018-11-14T08:17:03&apos;
System info: host: &apos;PFL-TEST&apos;, ip: &apos;172.16.25.25&apos;, os.name: &apos;Windows 10&apos;, os.arch: &apos;amd64&apos;, os.version: &apos;10.0&apos;, java.version: &apos;1.8.0_191&apos;
Driver info: org.openqa.selenium.chrome.ChromeDriver
Capabilities {acceptInsecureCerts: false, acceptSslCerts: false, applicationCacheEnabled: false, browserConnectionEnabled: false, browserName: chrome, chrome: {chromedriverVersion: 73.0.3683.68 (47787ec04b6e3..., userDataDir: C:\Users\Test\AppData\Local...}, cssSelectorsEnabled: true, databaseEnabled: false, goog:chromeOptions: {debuggerAddress: localhost:50672}, handlesAlerts: true, hasTouchScreen: false, javascriptEnabled: true, locationContextEnabled: true, mobileEmulationEnabled: false, nativeEvents: true, networkConnectionEnabled: false, pageLoadStrategy: normal, platform: XP, platformName: XP, proxy: Proxy(), rotatable: false, setWindowRect: true, strictFileInteractability: false, takesHeapSnapshot: true, takesScreenshot: true, timeouts: {implicit: 0, pageLoad: 300000, script: 30000}, unexpectedAlertBehaviour: ignore, unhandledPromptBehavior: ignore, version: 73.0.3683.103, webStorageEnabled: true}
Session ID: 2bc65799e5431c5dd38addb34c04c097
*** Element info: {Using=xpath, value=//input[@type=&apos;email&apos;][@name=&apos;username&apos;]}
	at org.openqa.selenium.remote.ErrorHandler.createThrowable(ErrorHandler.java:214)
	at org.openqa.selenium.remote.ErrorHandler.throwIfResponseFailed(ErrorHandler.java:166)
	at org.openqa.selenium.remote.http.JsonHttpResponseCodec.reconstructValue(JsonHttpResponseCodec.java:40)
	at org.openqa.selenium.remote.http.AbstractHttpResponseCodec.decode(AbstractHttpResponseCodec.java:80)
	at org.openqa.selenium.remote.http.AbstractHttpResponseCodec.decode(AbstractHttpResponseCodec.java:44)
	at org.openqa.selenium.remote.HttpCommandExecutor.execute(HttpCommandExecutor.java:158)
	at org.openqa.selenium.remote.service.DriverCommandExecutor.execute(DriverCommandExecutor.java:83)
	at org.openqa.selenium.remote.RemoteWebDriver.execute(RemoteWebDriver.java:552)
	at org.openqa.selenium.remote.RemoteWebDriver.findElement(RemoteWebDriver.java:323)
	at org.openqa.selenium.remote.RemoteWebDriver.findElementByXPath(RemoteWebDriver.java:428)
	at org.openqa.selenium.By$ByXPath.findElement(By.java:353)
	at org.openqa.selenium.remote.RemoteWebDriver.findElement(RemoteWebDriver.java:315)
	at org.openqa.selenium.support.ui.ExpectedConditions$6.apply(ExpectedConditions.java:182)
	at org.openqa.selenium.support.ui.ExpectedConditions$6.apply(ExpectedConditions.java:179)
	at org.openqa.selenium.support.ui.FluentWait.until(FluentWait.java:249)
	at com.pfl.automation.base.BasePage.findElement(BasePage.java:311)
	at com.pfl.automation.base.BasePage.enterText(BasePage.java:235)
	at com.pfl.automation.org62.pages.LoginPage.logintoapplication(LoginPage.java:62)
	at com.pfl.automation.org62.testcases.TS06_Administration_role_based_program.TS06_DataSet_Reset(TS06_Administration_role_based_program.java:57)
... Removed 29 stack frames</div></td></tr></table><p class="totop"><a href="#summary">back to summary</a></p>
<h3 id="m15">com.pfl.automation.org62.testcases.TS06_Administration_role_based_program#TS06_DataSet_Creation</h3><table class="result"><tr><th class="invisible"/></tr></table><p class="totop"><a href="#summary">back to summary</a></p>
<h2>TestCase7</h2><h3 id="m16">com.pfl.automation.org62.testcases.TS07_Administration_program_error_validation#Logout</h3><table class="result"><tr class="param"><th>Parameter #1</th></tr><tr class="param stripe"><td>[TestResult name=program_error_validation status=FAILURE method=TS07_Administration_program_error_validation.program_error_validation()[pri:1, instance:com.pfl.automation.org62.testcases.TS07_Administration_program_error_validation@704a52ec] output={null}]</td></tr><tr><th>Exception</th></tr><tr><td><div class="stacktrace">org.openqa.selenium.NoSuchSessionException: Session ID is null. Using WebDriver after calling quit()?
Build info: version: &apos;3.141.59&apos;, revision: &apos;e82be7d358&apos;, time: &apos;2018-11-14T08:17:03&apos;
System info: host: &apos;PFL-TEST&apos;, ip: &apos;172.16.25.25&apos;, os.name: &apos;Windows 10&apos;, os.arch: &apos;amd64&apos;, os.version: &apos;10.0&apos;, java.version: &apos;1.8.0_191&apos;
Driver info: driver.version: RemoteWebDriver
	at org.openqa.selenium.remote.HttpCommandExecutor.execute(HttpCommandExecutor.java:125)
	at org.openqa.selenium.remote.service.DriverCommandExecutor.execute(DriverCommandExecutor.java:83)
	at org.openqa.selenium.remote.RemoteWebDriver.execute(RemoteWebDriver.java:552)
	at org.openqa.selenium.remote.RemoteWebDriver$RemoteTargetLocator.defaultContent(RemoteWebDriver.java:922)
	at com.pfl.automation.org62.pages.HomePage.logout(HomePage.java:26)
	at com.pfl.automation.base.BaseTest.Logout(BaseTest.java:147)
... Removed 28 stack frames</div></td></tr></table><p class="totop"><a href="#summary">back to summary</a></p>
<h3 id="m17">com.pfl.automation.org62.testcases.TS07_Administration_program_error_validation#program_error_validation</h3><table class="result"><tr><th>Exception</th></tr><tr><td><div class="stacktrace">org.openqa.selenium.WebDriverException: unknown error: Element &lt;i class=&quot;far fa-sync-alt text-success&quot;&gt;&lt;/i&gt; is not clickable at point (638, 275). Other element would receive the click: &lt;div ng-show=&quot;message.visible&quot; class=&quot;overlay overlay-white&quot; style=&quot;&quot;&gt;...&lt;/div&gt;
  (Session info: chrome=73.0.3683.103)
  (Driver info: chromedriver=73.0.3683.68 (47787ec04b6e38e22703e856e101e840b65afe72),platform=Windows NT 10.0.17134 x86_64) (WARNING: The server did not provide any stacktrace information)
Command duration or timeout: 0 milliseconds
Build info: version: &apos;3.141.59&apos;, revision: &apos;e82be7d358&apos;, time: &apos;2018-11-14T08:17:03&apos;
System info: host: &apos;PFL-TEST&apos;, ip: &apos;172.16.25.25&apos;, os.name: &apos;Windows 10&apos;, os.arch: &apos;amd64&apos;, os.version: &apos;10.0&apos;, java.version: &apos;1.8.0_191&apos;
Driver info: org.openqa.selenium.chrome.ChromeDriver
Capabilities {acceptInsecureCerts: false, acceptSslCerts: false, applicationCacheEnabled: false, browserConnectionEnabled: false, browserName: chrome, chrome: {chromedriverVersion: 73.0.3683.68 (47787ec04b6e3..., userDataDir: C:\Users\Test\AppData\Local...}, cssSelectorsEnabled: true, databaseEnabled: false, goog:chromeOptions: {debuggerAddress: localhost:50804}, handlesAlerts: true, hasTouchScreen: false, javascriptEnabled: true, locationContextEnabled: true, mobileEmulationEnabled: false, nativeEvents: true, networkConnectionEnabled: false, pageLoadStrategy: normal, platform: XP, platformName: XP, proxy: Proxy(), rotatable: false, setWindowRect: true, strictFileInteractability: false, takesHeapSnapshot: true, takesScreenshot: true, timeouts: {implicit: 0, pageLoad: 300000, script: 30000}, unexpectedAlertBehaviour: ignore, unhandledPromptBehavior: ignore, version: 73.0.3683.103, webStorageEnabled: true}
Session ID: 8a9dc8fe75dda5f0aeb6a25a5f6d65b6
	at org.openqa.selenium.remote.ErrorHandler.createThrowable(ErrorHandler.java:214)
	at org.openqa.selenium.remote.ErrorHandler.throwIfResponseFailed(ErrorHandler.java:166)
	at org.openqa.selenium.remote.http.JsonHttpResponseCodec.reconstructValue(JsonHttpResponseCodec.java:40)
	at org.openqa.selenium.remote.http.AbstractHttpResponseCodec.decode(AbstractHttpResponseCodec.java:80)
	at org.openqa.selenium.remote.http.AbstractHttpResponseCodec.decode(AbstractHttpResponseCodec.java:44)
	at org.openqa.selenium.remote.HttpCommandExecutor.execute(HttpCommandExecutor.java:158)
	at org.openqa.selenium.remote.service.DriverCommandExecutor.execute(DriverCommandExecutor.java:83)
	at org.openqa.selenium.remote.RemoteWebDriver.execute(RemoteWebDriver.java:552)
	at org.openqa.selenium.remote.RemoteWebElement.execute(RemoteWebElement.java:285)
	at org.openqa.selenium.remote.RemoteWebElement.click(RemoteWebElement.java:84)
	at com.pfl.automation.org62.pages.AdminPage.set_user_budget(AdminPage.java:302)
	at com.pfl.automation.org62.testcases.TS07_Administration_program_error_validation.program_error_validation(TS07_Administration_program_error_validation.java:44)
... Removed 29 stack frames</div></td></tr></table><p class="totop"><a href="#summary">back to summary</a></p>
<h2>TestCase8</h2><h3 id="m18">com.pfl.automation.org62.testcases.TS_08_verify_changes_when_swagig_license_assign#TS_08_01_Verify_the_header_SwagIQ_Licenses_Administration_of_License_tab</h3><table class="result"><tr><th class="invisible"/></tr></table><p class="totop"><a href="#summary">back to summary</a></p>
<h3 id="m19">com.pfl.automation.org62.testcases.TS_08_verify_changes_when_swagig_license_assign#TS_08_DataReset</h3><table class="result"><tr><th class="invisible"/></tr></table><p class="totop"><a href="#summary">back to summary</a></p>
<h2>TestCase11</h2><h3 id="m20">com.pfl.automation.org62.testcases.TS11_advance_search_functionality#tearDown</h3><table class="result"><tr><th>Exception</th></tr><tr><td><div class="stacktrace">org.openqa.selenium.NoSuchSessionException: invalid session id
  (Driver info: chromedriver=73.0.3683.68 (47787ec04b6e38e22703e856e101e840b65afe72),platform=Windows NT 10.0.17134 x86_64) (WARNING: The server did not provide any stacktrace information)
Command duration or timeout: 0 milliseconds
Build info: version: &apos;3.141.59&apos;, revision: &apos;e82be7d358&apos;, time: &apos;2018-11-14T08:17:03&apos;
System info: host: &apos;PFL-TEST&apos;, ip: &apos;172.16.25.25&apos;, os.name: &apos;Windows 10&apos;, os.arch: &apos;amd64&apos;, os.version: &apos;10.0&apos;, java.version: &apos;1.8.0_191&apos;
Driver info: org.openqa.selenium.chrome.ChromeDriver
Capabilities {acceptInsecureCerts: false, acceptSslCerts: false, applicationCacheEnabled: false, browserConnectionEnabled: false, browserName: chrome, chrome: {chromedriverVersion: 73.0.3683.68 (47787ec04b6e3..., userDataDir: C:\Users\Test\AppData\Local...}, cssSelectorsEnabled: true, databaseEnabled: false, goog:chromeOptions: {debuggerAddress: localhost:51044}, handlesAlerts: true, hasTouchScreen: false, javascriptEnabled: true, locationContextEnabled: true, mobileEmulationEnabled: false, nativeEvents: true, networkConnectionEnabled: false, pageLoadStrategy: normal, platform: XP, platformName: XP, proxy: Proxy(), rotatable: false, setWindowRect: true, strictFileInteractability: false, takesHeapSnapshot: true, takesScreenshot: true, timeouts: {implicit: 0, pageLoad: 300000, script: 30000}, unexpectedAlertBehaviour: ignore, unhandledPromptBehavior: ignore, version: 73.0.3683.103, webStorageEnabled: true}
Session ID: c78563ae3c3a6ebcf7b5f70d7d857ece
	at org.openqa.selenium.remote.ErrorHandler.createThrowable(ErrorHandler.java:214)
	at org.openqa.selenium.remote.ErrorHandler.throwIfResponseFailed(ErrorHandler.java:166)
	at org.openqa.selenium.remote.http.JsonHttpResponseCodec.reconstructValue(JsonHttpResponseCodec.java:40)
	at org.openqa.selenium.remote.http.AbstractHttpResponseCodec.decode(AbstractHttpResponseCodec.java:80)
	at org.openqa.selenium.remote.http.AbstractHttpResponseCodec.decode(AbstractHttpResponseCodec.java:44)
	at org.openqa.selenium.remote.HttpCommandExecutor.execute(HttpCommandExecutor.java:158)
	at org.openqa.selenium.remote.service.DriverCommandExecutor.execute(DriverCommandExecutor.java:83)
	at org.openqa.selenium.remote.RemoteWebDriver.execute(RemoteWebDriver.java:552)
	at org.openqa.selenium.remote.RemoteWebDriver.execute(RemoteWebDriver.java:609)
	at org.openqa.selenium.remote.RemoteWebDriver.close(RemoteWebDriver.java:442)
	at com.pfl.automation.base.BaseTest.closebrowser(BaseTest.java:556)
	at com.pfl.automation.base.BaseTest.tearDown(BaseTest.java:154)
... Removed 28 stack frames</div></td></tr></table><p class="totop"><a href="#summary">back to summary</a></p>
<h3 id="m21">com.pfl.automation.org62.testcases.TS11_advance_search_functionality#TS11_02_Verify_simple_search_and_advance_search_on_license_page</h3><table class="result"><tr><th>Exception</th></tr><tr><td><div class="stacktrace">java.lang.AssertionError: expected [user_4, Automation] but found [  user_4, Automation]
	at com.pfl.automation.org62.pages.LicensePage.getNameText(LicensePage.java:92)
	at com.pfl.automation.org62.testcases.TS11_advance_search_functionality.TS11_02_Verify_simple_search_and_advance_search_on_license_page(TS11_advance_search_functionality.java:35)
... Removed 31 stack frames</div></td></tr></table><p class="totop"><a href="#summary">back to summary</a></p>
<h3 id="m22">com.pfl.automation.org62.testcases.TS11_advance_search_functionality#TS11_01_Verify_license_page</h3><table class="result"><tr><th class="invisible"/></tr></table><p class="totop"><a href="#summary">back to summary</a></p>
<h2>TestCase12</h2><h3 id="m23">com.pfl.automation.org62.testcases.TS12_Verfying_license_tab_enable_checkbox#TS12_01_Verify_clicking_select_all_enabled_checkbox_on_Licenses_page_functionality</h3><table class="result"><tr><th class="invisible"/></tr></table><p class="totop"><a href="#summary">back to summary</a></p>
<h2>TestCase13</h2><h3 id="m24">com.pfl.automation.org62.testcases.TS_13_verifying_product_configuration#TS_13_01_Verify_Product_Configuration_Display_Name_or_Quantity_Under_Product_Administration</h3><table class="result"><tr><th class="invisible"/></tr></table><p class="totop"><a href="#summary">back to summary</a></p>
<h2>TestCase15</h2><h3 id="m25">com.pfl.automation.org62.testcases.TS_15_contact_blankaddress_send_swag_error#TS_15_01_Verify_that_validation_message_displayed_to_user_if_no_program_is_associated_to_user_on_send_swag_screen</h3><table class="result"><tr><th class="invisible"/></tr></table><p class="totop"><a href="#summary">back to summary</a></p>
<h2>TestCase16</h2><h3 id="m26">com.pfl.automation.org62.testcases.TS16_Contact_length_validation_on_custom_address#TS_16_01_Contact_length_validation_on_custom_address</h3><table class="result"><tr><th class="invisible"/></tr></table><p class="totop"><a href="#summary">back to summary</a></p>
<h3 id="m27">com.pfl.automation.org62.testcases.TS16_Contact_length_validation_on_custom_address#TS_16_DataSet_Creation</h3><table class="result"><tr><th class="invisible"/></tr></table><p class="totop"><a href="#summary">back to summary</a></p>
<h3 id="m28">com.pfl.automation.org62.testcases.TS16_Contact_length_validation_on_custom_address#TS_16_DataSet_Reset</h3><table class="result"><tr><th class="invisible"/></tr></table><p class="totop"><a href="#summary">back to summary</a></p>
<h2>TestCase17</h2><h3 id="m29">com.pfl.automation.org62.testcases.TS17_Verify_Do_Not_Swag#TC17_01_Verify_User_not_able_Send_Swag_Do_Not_Swag_field_enabled_for_Contact</h3><table class="result"><tr><th class="invisible"/></tr></table><p class="totop"><a href="#summary">back to summary</a></p>
<h2>TestCase20</h2><h3 id="m30">com.pfl.automation.org62.testcases.TS_20_send_swag_validation_message#TS_20_01_Verify_validation_message_displayed_user_if_no_program_associated_to_user_on_send_swag_screen</h3><table class="result"><tr><th class="invisible"/></tr></table><p class="totop"><a href="#summary">back to summary</a></p>
<h2>TestCase21</h2><h3 id="m31">com.pfl.automation.org62.testcases.TS21_Enable_Disable_State_Of_Program_On_Send_Swag#Logout</h3><table class="result"><tr class="param"><th>Parameter #1</th></tr><tr class="param stripe"><td>[TestResult name=TS21_02_Verifying_the_deactivation_of_program_by_sending_swag status=FAILURE method=TS21_Enable_Disable_State_Of_Program_On_Send_Swag.TS21_02_Verifying_the_deactivation_of_program_by_sending_swag()[pri:2, instance:com.pfl.automation.org62.testcases.TS21_Enable_Disable_State_Of_Program_On_Send_Swag@7a9273a8] output={null}]</td></tr><tr><th>Exception</th></tr><tr><td><div class="stacktrace">org.openqa.selenium.NoSuchSessionException: invalid session id
  (Driver info: chromedriver=73.0.3683.68 (47787ec04b6e38e22703e856e101e840b65afe72),platform=Windows NT 10.0.17134 x86_64) (WARNING: The server did not provide any stacktrace information)
Command duration or timeout: 0 milliseconds
Build info: version: &apos;3.141.59&apos;, revision: &apos;e82be7d358&apos;, time: &apos;2018-11-14T08:17:03&apos;
System info: host: &apos;PFL-TEST&apos;, ip: &apos;172.16.25.25&apos;, os.name: &apos;Windows 10&apos;, os.arch: &apos;amd64&apos;, os.version: &apos;10.0&apos;, java.version: &apos;1.8.0_191&apos;
Driver info: org.openqa.selenium.chrome.ChromeDriver
Capabilities {acceptInsecureCerts: false, acceptSslCerts: false, applicationCacheEnabled: false, browserConnectionEnabled: false, browserName: chrome, chrome: {chromedriverVersion: 73.0.3683.68 (47787ec04b6e3..., userDataDir: C:\Users\Test\AppData\Local...}, cssSelectorsEnabled: true, databaseEnabled: false, goog:chromeOptions: {debuggerAddress: localhost:51835}, handlesAlerts: true, hasTouchScreen: false, javascriptEnabled: true, locationContextEnabled: true, mobileEmulationEnabled: false, nativeEvents: true, networkConnectionEnabled: false, pageLoadStrategy: normal, platform: XP, platformName: XP, proxy: Proxy(), rotatable: false, setWindowRect: true, strictFileInteractability: false, takesHeapSnapshot: true, takesScreenshot: true, timeouts: {implicit: 0, pageLoad: 300000, script: 30000}, unexpectedAlertBehaviour: ignore, unhandledPromptBehavior: ignore, version: 73.0.3683.103, webStorageEnabled: true}
Session ID: 2602a413e3059b758544e56061d86da4
	at org.openqa.selenium.remote.ErrorHandler.createThrowable(ErrorHandler.java:214)
	at org.openqa.selenium.remote.ErrorHandler.throwIfResponseFailed(ErrorHandler.java:166)
	at org.openqa.selenium.remote.http.JsonHttpResponseCodec.reconstructValue(JsonHttpResponseCodec.java:40)
	at org.openqa.selenium.remote.http.AbstractHttpResponseCodec.decode(AbstractHttpResponseCodec.java:80)
	at org.openqa.selenium.remote.http.AbstractHttpResponseCodec.decode(AbstractHttpResponseCodec.java:44)
	at org.openqa.selenium.remote.HttpCommandExecutor.execute(HttpCommandExecutor.java:158)
	at org.openqa.selenium.remote.service.DriverCommandExecutor.execute(DriverCommandExecutor.java:83)
	at org.openqa.selenium.remote.RemoteWebDriver.execute(RemoteWebDriver.java:552)
	at org.openqa.selenium.remote.RemoteWebDriver$RemoteTargetLocator.defaultContent(RemoteWebDriver.java:922)
	at com.pfl.automation.org62.pages.HomePage.logout(HomePage.java:26)
	at com.pfl.automation.base.BaseTest.Logout(BaseTest.java:147)
... Removed 31 stack frames</div></td></tr></table><p class="totop"><a href="#summary">back to summary</a></p>
<h3 id="m32">com.pfl.automation.org62.testcases.TS21_Enable_Disable_State_Of_Program_On_Send_Swag#tearDown</h3><table class="result"><tr><th>Exception</th></tr><tr><td><div class="stacktrace">org.openqa.selenium.NoSuchSessionException: invalid session id
  (Driver info: chromedriver=73.0.3683.68 (47787ec04b6e38e22703e856e101e840b65afe72),platform=Windows NT 10.0.17134 x86_64) (WARNING: The server did not provide any stacktrace information)
Command duration or timeout: 0 milliseconds
Build info: version: &apos;3.141.59&apos;, revision: &apos;e82be7d358&apos;, time: &apos;2018-11-14T08:17:03&apos;
System info: host: &apos;PFL-TEST&apos;, ip: &apos;172.16.25.25&apos;, os.name: &apos;Windows 10&apos;, os.arch: &apos;amd64&apos;, os.version: &apos;10.0&apos;, java.version: &apos;1.8.0_191&apos;
Driver info: org.openqa.selenium.chrome.ChromeDriver
Capabilities {acceptInsecureCerts: false, acceptSslCerts: false, applicationCacheEnabled: false, browserConnectionEnabled: false, browserName: chrome, chrome: {chromedriverVersion: 73.0.3683.68 (47787ec04b6e3..., userDataDir: C:\Users\Test\AppData\Local...}, cssSelectorsEnabled: true, databaseEnabled: false, goog:chromeOptions: {debuggerAddress: localhost:51835}, handlesAlerts: true, hasTouchScreen: false, javascriptEnabled: true, locationContextEnabled: true, mobileEmulationEnabled: false, nativeEvents: true, networkConnectionEnabled: false, pageLoadStrategy: normal, platform: XP, platformName: XP, proxy: Proxy(), rotatable: false, setWindowRect: true, strictFileInteractability: false, takesHeapSnapshot: true, takesScreenshot: true, timeouts: {implicit: 0, pageLoad: 300000, script: 30000}, unexpectedAlertBehaviour: ignore, unhandledPromptBehavior: ignore, version: 73.0.3683.103, webStorageEnabled: true}
Session ID: 2602a413e3059b758544e56061d86da4
	at org.openqa.selenium.remote.ErrorHandler.createThrowable(ErrorHandler.java:214)
	at org.openqa.selenium.remote.ErrorHandler.throwIfResponseFailed(ErrorHandler.java:166)
	at org.openqa.selenium.remote.http.JsonHttpResponseCodec.reconstructValue(JsonHttpResponseCodec.java:40)
	at org.openqa.selenium.remote.http.AbstractHttpResponseCodec.decode(AbstractHttpResponseCodec.java:80)
	at org.openqa.selenium.remote.http.AbstractHttpResponseCodec.decode(AbstractHttpResponseCodec.java:44)
	at org.openqa.selenium.remote.HttpCommandExecutor.execute(HttpCommandExecutor.java:158)
	at org.openqa.selenium.remote.service.DriverCommandExecutor.execute(DriverCommandExecutor.java:83)
	at org.openqa.selenium.remote.RemoteWebDriver.execute(RemoteWebDriver.java:552)
	at org.openqa.selenium.remote.RemoteWebDriver.execute(RemoteWebDriver.java:609)
	at org.openqa.selenium.remote.RemoteWebDriver.close(RemoteWebDriver.java:442)
	at com.pfl.automation.base.BaseTest.closebrowser(BaseTest.java:556)
	at com.pfl.automation.base.BaseTest.tearDown(BaseTest.java:154)
... Removed 28 stack frames</div></td></tr></table><p class="totop"><a href="#summary">back to summary</a></p>
<h3 id="m33">com.pfl.automation.org62.testcases.TS21_Enable_Disable_State_Of_Program_On_Send_Swag#TS21_01_Verifying_the_activation_of_program_by_sending_swag</h3><table class="result"><tr><th>Exception</th></tr><tr><td><div class="stacktrace">org.openqa.selenium.NoSuchElementException: no such element: Unable to locate element: {&quot;method&quot;:&quot;xpath&quot;,&quot;selector&quot;:&quot;//label[contains(text(), &apos;Enable-disable_auto_program1557300755219&apos;)]/ancestor::div[@class = &apos;box-title&apos;]&quot;}
  (Session info: chrome=73.0.3683.103)
  (Driver info: chromedriver=73.0.3683.68 (47787ec04b6e38e22703e856e101e840b65afe72),platform=Windows NT 10.0.17134 x86_64) (WARNING: The server did not provide any stacktrace information)
Command duration or timeout: 0 milliseconds
For documentation on this error, please visit: https://www.seleniumhq.org/exceptions/no_such_element.html
Build info: version: &apos;3.141.59&apos;, revision: &apos;e82be7d358&apos;, time: &apos;2018-11-14T08:17:03&apos;
System info: host: &apos;PFL-TEST&apos;, ip: &apos;172.16.25.25&apos;, os.name: &apos;Windows 10&apos;, os.arch: &apos;amd64&apos;, os.version: &apos;10.0&apos;, java.version: &apos;1.8.0_191&apos;
Driver info: org.openqa.selenium.chrome.ChromeDriver
Capabilities {acceptInsecureCerts: false, acceptSslCerts: false, applicationCacheEnabled: false, browserConnectionEnabled: false, browserName: chrome, chrome: {chromedriverVersion: 73.0.3683.68 (47787ec04b6e3..., userDataDir: C:\Users\Test\AppData\Local...}, cssSelectorsEnabled: true, databaseEnabled: false, goog:chromeOptions: {debuggerAddress: localhost:51835}, handlesAlerts: true, hasTouchScreen: false, javascriptEnabled: true, locationContextEnabled: true, mobileEmulationEnabled: false, nativeEvents: true, networkConnectionEnabled: false, pageLoadStrategy: normal, platform: XP, platformName: XP, proxy: Proxy(), rotatable: false, setWindowRect: true, strictFileInteractability: false, takesHeapSnapshot: true, takesScreenshot: true, timeouts: {implicit: 0, pageLoad: 300000, script: 30000}, unexpectedAlertBehaviour: ignore, unhandledPromptBehavior: ignore, version: 73.0.3683.103, webStorageEnabled: true}
Session ID: 2602a413e3059b758544e56061d86da4
*** Element info: {Using=xpath, value=//label[contains(text(), &apos;Enable-disable_auto_program1557300755219&apos;)]/ancestor::div[@class = &apos;box-title&apos;]}
	at org.openqa.selenium.remote.ErrorHandler.createThrowable(ErrorHandler.java:214)
	at org.openqa.selenium.remote.ErrorHandler.throwIfResponseFailed(ErrorHandler.java:166)
	at org.openqa.selenium.remote.http.JsonHttpResponseCodec.reconstructValue(JsonHttpResponseCodec.java:40)
	at org.openqa.selenium.remote.http.AbstractHttpResponseCodec.decode(AbstractHttpResponseCodec.java:80)
	at org.openqa.selenium.remote.http.AbstractHttpResponseCodec.decode(AbstractHttpResponseCodec.java:44)
	at org.openqa.selenium.remote.HttpCommandExecutor.execute(HttpCommandExecutor.java:158)
	at org.openqa.selenium.remote.service.DriverCommandExecutor.execute(DriverCommandExecutor.java:83)
	at org.openqa.selenium.remote.RemoteWebDriver.execute(RemoteWebDriver.java:552)
	at org.openqa.selenium.remote.RemoteWebDriver.findElement(RemoteWebDriver.java:323)
	at org.openqa.selenium.remote.RemoteWebDriver.findElementByXPath(RemoteWebDriver.java:428)
	at org.openqa.selenium.By$ByXPath.findElement(By.java:353)
	at org.openqa.selenium.remote.RemoteWebDriver.findElement(RemoteWebDriver.java:315)
	at com.pfl.automation.org62.pages.SalesforcePage.click_program_on_send_swag_screen(SalesforcePage.java:220)
	at com.pfl.automation.org62.testcases.TS21_Enable_Disable_State_Of_Program_On_Send_Swag.TS21_01_Verifying_the_activation_of_program_by_sending_swag(TS21_Enable_Disable_State_Of_Program_On_Send_Swag.java:45)
... Removed 28 stack frames</div></td></tr></table><p class="totop"><a href="#summary">back to summary</a></p>
<h3 id="m34">com.pfl.automation.org62.testcases.TS21_Enable_Disable_State_Of_Program_On_Send_Swag#TS21_02_Verifying_the_deactivation_of_program_by_sending_swag</h3><table class="result"><tr><th>Exception</th></tr><tr><td><div class="stacktrace">org.openqa.selenium.NoSuchSessionException: invalid session id
  (Driver info: chromedriver=73.0.3683.68 (47787ec04b6e38e22703e856e101e840b65afe72),platform=Windows NT 10.0.17134 x86_64) (WARNING: The server did not provide any stacktrace information)
Command duration or timeout: 0 milliseconds
Build info: version: &apos;3.141.59&apos;, revision: &apos;e82be7d358&apos;, time: &apos;2018-11-14T08:17:03&apos;
System info: host: &apos;PFL-TEST&apos;, ip: &apos;172.16.25.25&apos;, os.name: &apos;Windows 10&apos;, os.arch: &apos;amd64&apos;, os.version: &apos;10.0&apos;, java.version: &apos;1.8.0_191&apos;
Driver info: org.openqa.selenium.chrome.ChromeDriver
Capabilities {acceptInsecureCerts: false, acceptSslCerts: false, applicationCacheEnabled: false, browserConnectionEnabled: false, browserName: chrome, chrome: {chromedriverVersion: 73.0.3683.68 (47787ec04b6e3..., userDataDir: C:\Users\Test\AppData\Local...}, cssSelectorsEnabled: true, databaseEnabled: false, goog:chromeOptions: {debuggerAddress: localhost:51835}, handlesAlerts: true, hasTouchScreen: false, javascriptEnabled: true, locationContextEnabled: true, mobileEmulationEnabled: false, nativeEvents: true, networkConnectionEnabled: false, pageLoadStrategy: normal, platform: XP, platformName: XP, proxy: Proxy(), rotatable: false, setWindowRect: true, strictFileInteractability: false, takesHeapSnapshot: true, takesScreenshot: true, timeouts: {implicit: 0, pageLoad: 300000, script: 30000}, unexpectedAlertBehaviour: ignore, unhandledPromptBehavior: ignore, version: 73.0.3683.103, webStorageEnabled: true}
Session ID: 2602a413e3059b758544e56061d86da4
*** Element info: {Using=xpath, value=//input[@type=&apos;email&apos;][@name=&apos;username&apos;]}
	at org.openqa.selenium.remote.ErrorHandler.createThrowable(ErrorHandler.java:214)
	at org.openqa.selenium.remote.ErrorHandler.throwIfResponseFailed(ErrorHandler.java:166)
	at org.openqa.selenium.remote.http.JsonHttpResponseCodec.reconstructValue(JsonHttpResponseCodec.java:40)
	at org.openqa.selenium.remote.http.AbstractHttpResponseCodec.decode(AbstractHttpResponseCodec.java:80)
	at org.openqa.selenium.remote.http.AbstractHttpResponseCodec.decode(AbstractHttpResponseCodec.java:44)
	at org.openqa.selenium.remote.HttpCommandExecutor.execute(HttpCommandExecutor.java:158)
	at org.openqa.selenium.remote.service.DriverCommandExecutor.execute(DriverCommandExecutor.java:83)
	at org.openqa.selenium.remote.RemoteWebDriver.execute(RemoteWebDriver.java:552)
	at org.openqa.selenium.remote.RemoteWebDriver.findElement(RemoteWebDriver.java:323)
	at org.openqa.selenium.remote.RemoteWebDriver.findElementByXPath(RemoteWebDriver.java:428)
	at org.openqa.selenium.By$ByXPath.findElement(By.java:353)
	at org.openqa.selenium.remote.RemoteWebDriver.findElement(RemoteWebDriver.java:315)
	at org.openqa.selenium.support.ui.ExpectedConditions$6.apply(ExpectedConditions.java:182)
	at org.openqa.selenium.support.ui.ExpectedConditions$6.apply(ExpectedConditions.java:179)
	at org.openqa.selenium.support.ui.FluentWait.until(FluentWait.java:249)
	at com.pfl.automation.base.BasePage.findElement(BasePage.java:311)
	at com.pfl.automation.base.BasePage.enterText(BasePage.java:235)
	at com.pfl.automation.org62.pages.LoginPage.logintoapplication(LoginPage.java:62)
	at com.pfl.automation.org62.testcases.TS21_Enable_Disable_State_Of_Program_On_Send_Swag.TS21_02_Verifying_the_deactivation_of_program_by_sending_swag(TS21_Enable_Disable_State_Of_Program_On_Send_Swag.java:56)
... Removed 29 stack frames</div></td></tr></table><p class="totop"><a href="#summary">back to summary</a></p>
<h3 id="m35">com.pfl.automation.org62.testcases.TS21_Enable_Disable_State_Of_Program_On_Send_Swag#LogIn</h3><table class="result"><tr><th class="invisible"/></tr></table><p class="totop"><a href="#summary">back to summary</a></p>
<h3 id="m36">com.pfl.automation.org62.testcases.TS21_Enable_Disable_State_Of_Program_On_Send_Swag#Logout</h3><table class="result"><tr><th class="invisible"/></tr></table><p class="totop"><a href="#summary">back to summary</a></p>
<h3 id="m37">com.pfl.automation.org62.testcases.TS21_Enable_Disable_State_Of_Program_On_Send_Swag#TS21_DataSet_Reset</h3><table class="result"><tr><th>Exception</th></tr><tr><td><div class="stacktrace">org.openqa.selenium.NoSuchSessionException: invalid session id
  (Driver info: chromedriver=73.0.3683.68 (47787ec04b6e38e22703e856e101e840b65afe72),platform=Windows NT 10.0.17134 x86_64) (WARNING: The server did not provide any stacktrace information)
Command duration or timeout: 0 milliseconds
Build info: version: &apos;3.141.59&apos;, revision: &apos;e82be7d358&apos;, time: &apos;2018-11-14T08:17:03&apos;
System info: host: &apos;PFL-TEST&apos;, ip: &apos;172.16.25.25&apos;, os.name: &apos;Windows 10&apos;, os.arch: &apos;amd64&apos;, os.version: &apos;10.0&apos;, java.version: &apos;1.8.0_191&apos;
Driver info: org.openqa.selenium.chrome.ChromeDriver
Capabilities {acceptInsecureCerts: false, acceptSslCerts: false, applicationCacheEnabled: false, browserConnectionEnabled: false, browserName: chrome, chrome: {chromedriverVersion: 73.0.3683.68 (47787ec04b6e3..., userDataDir: C:\Users\Test\AppData\Local...}, cssSelectorsEnabled: true, databaseEnabled: false, goog:chromeOptions: {debuggerAddress: localhost:51835}, handlesAlerts: true, hasTouchScreen: false, javascriptEnabled: true, locationContextEnabled: true, mobileEmulationEnabled: false, nativeEvents: true, networkConnectionEnabled: false, pageLoadStrategy: normal, platform: XP, platformName: XP, proxy: Proxy(), rotatable: false, setWindowRect: true, strictFileInteractability: false, takesHeapSnapshot: true, takesScreenshot: true, timeouts: {implicit: 0, pageLoad: 300000, script: 30000}, unexpectedAlertBehaviour: ignore, unhandledPromptBehavior: ignore, version: 73.0.3683.103, webStorageEnabled: true}
Session ID: 2602a413e3059b758544e56061d86da4
	at org.openqa.selenium.remote.ErrorHandler.createThrowable(ErrorHandler.java:214)
	at org.openqa.selenium.remote.ErrorHandler.throwIfResponseFailed(ErrorHandler.java:166)
	at org.openqa.selenium.remote.http.JsonHttpResponseCodec.reconstructValue(JsonHttpResponseCodec.java:40)
	at org.openqa.selenium.remote.http.AbstractHttpResponseCodec.decode(AbstractHttpResponseCodec.java:80)
	at org.openqa.selenium.remote.http.AbstractHttpResponseCodec.decode(AbstractHttpResponseCodec.java:44)
	at org.openqa.selenium.remote.HttpCommandExecutor.execute(HttpCommandExecutor.java:158)
	at org.openqa.selenium.remote.service.DriverCommandExecutor.execute(DriverCommandExecutor.java:83)
	at org.openqa.selenium.remote.RemoteWebDriver.execute(RemoteWebDriver.java:552)
	at org.openqa.selenium.remote.RemoteWebDriver$RemoteTargetLocator.defaultContent(RemoteWebDriver.java:922)
	at com.pfl.automation.org62.pages.HomePage.logout(HomePage.java:26)
	at com.pfl.automation.base.BaseTest.Logout(BaseTest.java:147)
... Removed 31 stack frames</div></td></tr></table><p class="totop"><a href="#summary">back to summary</a></p>
<h3 id="m38">com.pfl.automation.org62.testcases.TS21_Enable_Disable_State_Of_Program_On_Send_Swag#TS21_DataSet_Creation</h3><table class="result"><tr><th class="invisible"/></tr></table><p class="totop"><a href="#summary">back to summary</a></p>
<h2>TestCase23</h2><h3 id="m39">com.pfl.automation.org62.testcases.TS23_Administration_Verify_Remove_User_From_Store#TS23_01_Verifying_the_remove_user_into_the_Store</h3><table class="result"><tr><th class="invisible"/></tr></table><p class="totop"><a href="#summary">back to summary</a></p>
<h3 id="m40">com.pfl.automation.org62.testcases.TS23_Administration_Verify_Remove_User_From_Store#TS23_DataSet_Creation</h3><table class="result"><tr><th class="invisible"/></tr></table><p class="totop"><a href="#summary">back to summary</a></p>
<h3 id="m41">com.pfl.automation.org62.testcases.TS23_Administration_Verify_Remove_User_From_Store#TS23_DataSet_Reset</h3><table class="result"><tr><th class="invisible"/></tr></table><p class="totop"><a href="#summary">back to summary</a></p>
<h2>TestCase25</h2><h3 id="m42">com.pfl.automation.org62.testcases.TS25_Administration_User_Advance_Search#TS25_01_Verifying_the_advanced_search_functionality</h3><table class="result"><tr><th class="invisible"/></tr></table><p class="totop"><a href="#summary">back to summary</a></p>
</body>
</html>
