<?xml version="1.0" encoding="UTF-8"?>
<!-- Generated by org.testng.reporters.JUnitXMLReporter -->
<testsuite hostname="Mohit-Gulati" ignored="0" name="Test" tests="3" failures="0" timestamp="03 May 2019 07:31:42 GMT" time="0.411" errors="0">
  <testcase name="@BeforeTest setUp" time="0.26" classname="com.pfl.automation.base.BaseTest">
    <failure type="java.lang.IllegalStateException" message="The driver executable does not exist: C:\Users\Mohit\Google Drive\pfl_pom_framework\src\test\resources\drivers\chromedriver.exe">
      <![CDATA[java.lang.IllegalStateException: The driver executable does not exist: C:\Users\Mohit\Google Drive\pfl_pom_framework\src\test\resources\drivers\chromedriver.exe
at com.google.common.base.Preconditions.checkState(Preconditions.java:534)
at org.openqa.selenium.remote.service.DriverService.checkExecutable(DriverService.java:146)
at org.openqa.selenium.remote.service.DriverService.findExecutable(DriverService.java:141)
at org.openqa.selenium.chrome.ChromeDriverService.access$000(ChromeDriverService.java:35)
at org.openqa.selenium.chrome.ChromeDriverService$Builder.findDefaultExecutable(ChromeDriverService.java:159)
at org.openqa.selenium.remote.service.DriverService$Builder.build(DriverService.java:355)
at org.openqa.selenium.chrome.ChromeDriverService.createDefaultService(ChromeDriverService.java:94)
at org.openqa.selenium.chrome.ChromeDriver.<init>(ChromeDriver.java:157)
at com.pfl.automation.base.BaseTest.openBrowserNormal(BaseTest.java:450)
at com.pfl.automation.base.BaseTest.initBrowser(BaseTest.java:347)
at com.pfl.automation.base.BaseTest.setUp(BaseTest.java:121)
... Removed 24 stack frames]]>
    </failure>
  </testcase> <!-- @BeforeTest setUp -->
  <testcase name="@BeforeMethod LogIn" time="0.0" classname="com.pfl.automation.base.BaseTest">
    <skipped/>
  </testcase> <!-- @BeforeMethod LogIn -->
  <testcase name="@AfterMethod Logout" time="0.0" classname="com.pfl.automation.base.BaseTest">
    <skipped/>
  </testcase> <!-- @AfterMethod Logout -->
  <testcase name="@BeforeMethod LogIn" time="0.0" classname="com.pfl.automation.base.BaseTest">
    <skipped/>
  </testcase> <!-- @BeforeMethod LogIn -->
  <testcase name="@AfterMethod Logout" time="0.0" classname="com.pfl.automation.base.BaseTest">
    <skipped/>
  </testcase> <!-- @AfterMethod Logout -->
  <testcase name="@BeforeMethod LogIn" time="0.0" classname="com.pfl.automation.base.BaseTest">
    <skipped/>
  </testcase> <!-- @BeforeMethod LogIn -->
  <testcase name="@AfterMethod Logout" time="0.0" classname="com.pfl.automation.base.BaseTest">
    <skipped/>
  </testcase> <!-- @AfterMethod Logout -->
  <testcase name="@AfterTest tearDown" time="0.0" classname="com.pfl.automation.base.BaseTest">
    <skipped/>
  </testcase> <!-- @AfterTest tearDown -->
  <testcase name="TS_16_DataSet_Creation" time="0.0" classname="com.pfl.automation.org62.testcases.TS16_Contact_length_validation_on_custom_address">
    <skipped/>
  </testcase> <!-- TS_16_DataSet_Creation -->
  <testcase name="TS_16_01_Contact_length_validation_on_custom_address" time="0.0" classname="com.pfl.automation.org62.testcases.TS16_Contact_length_validation_on_custom_address">
    <skipped/>
  </testcase> <!-- TS_16_01_Contact_length_validation_on_custom_address -->
  <testcase name="TS_16_DataSet_Reset" time="0.0" classname="com.pfl.automation.org62.testcases.TS16_Contact_length_validation_on_custom_address">
    <skipped/>
  </testcase> <!-- TS_16_DataSet_Reset -->
</testsuite> <!-- Test -->
